[debug] [2024-06-13T19:31:30.901Z] ----------------------------------------------------------------------
[debug] [2024-06-13T19:31:30.903Z] Command:       C:\Program Files\nodejs\node.exe C:\Program Files\nodejs\node_modules\firebase-tools\lib\bin\firebase.js init hosting:github
[debug] [2024-06-13T19:31:30.903Z] CLI Version:   13.11.2
[debug] [2024-06-13T19:31:30.903Z] Platform:      win32
[debug] [2024-06-13T19:31:30.903Z] Node Version:  v20.11.0
[debug] [2024-06-13T19:31:30.903Z] Time:          Thu Jun 13 2024 22:31:30 GMT+0300 (Eastern European Summer Time)
[debug] [2024-06-13T19:31:30.903Z] ----------------------------------------------------------------------
[debug] 
[debug] [2024-06-13T19:31:30.975Z] > command requires scopes: ["email","openid","https://www.googleapis.com/auth/cloudplatformprojects.readonly","https://www.googleapis.com/auth/firebase","https://www.googleapis.com/auth/cloud-platform"]
[debug] [2024-06-13T19:31:30.975Z] > authorizing via signed-in user (anna.neova@gmail.com)
[info] 
     ######## #### ########  ######## ########     ###     ######  ########
     ##        ##  ##     ## ##       ##     ##  ##   ##  ##       ##
     ######    ##  ########  ######   ########  #########  ######  ######
     ##        ##  ##    ##  ##       ##     ## ##     ##       ## ##
     ##       #### ##     ## ######## ########  ##     ##  ######  ########

You're about to initialize a Firebase project in this directory:

  C:\Users\Zendbook\WebstormProjects\Initium

Before we get started, keep in mind:

  * You are initializing within an existing Firebase project directory

[info] 
=== Project Setup
[info] 
[info] First, let's associate this project directory with a Firebase project.
[info] You can create multiple project aliases by running firebase use --add, 
[info] but for now we'll just set up a default project.
[info] 
[debug] [2024-06-13T19:31:32.505Z] Using project from CLI flag: initium-482a6
[debug] [2024-06-13T19:31:32.507Z] >>> [apiv2][query] GET https://firebase.googleapis.com/v1beta1/projects/initium-482a6 [none]
[debug] [2024-06-13T19:31:32.789Z] <<< [apiv2][status] GET https://firebase.googleapis.com/v1beta1/projects/initium-482a6 200
[debug] [2024-06-13T19:31:32.790Z] <<< [apiv2][body] GET https://firebase.googleapis.com/v1beta1/projects/initium-482a6 {"projectId":"initium-482a6","projectNumber":"427012435783","displayName":"Initium","name":"projects/initium-482a6","resources":{"hostingSite":"initium-482a6","realtimeDatabaseInstance":"initium-482a6-default-rtdb"},"state":"ACTIVE","etag":"1_ae0ef8d6-ab63-4d16-945c-174b6a989aae"}
[info] i  Using project initium-482a6 (Initium) 
[info] 
=== Hosting:github Setup
[info] 
[info] i  Detected a .git folder at C:\Users\Zendbook\WebstormProjects\Initium 
[info] i  Authorizing with GitHub to upload your service account to a GitHub repository's secrets store. 
[info] 
[info] Visit this URL on this device to log in:
[info] https://github.com/login/oauth/authorize?client_id=89cf50f02ac6aaed3484&state=387965792&redirect_uri=http%3A%2F%2Flocalhost%3A9005&scope=read%3Auser%20repo%20public_repo
[info] 
[info] Waiting for authentication...
[debug] [2024-06-13T19:31:47.915Z] >>> [apiv2][query] POST https://github.com/login/oauth/access_token [none]
[debug] [2024-06-13T19:31:47.916Z] >>> [apiv2][body] POST https://github.com/login/oauth/access_token [stream]
[debug] [2024-06-13T19:31:48.171Z] <<< [apiv2][status] POST https://github.com/login/oauth/access_token 200
[debug] [2024-06-13T19:31:48.171Z] <<< [apiv2][body] POST https://github.com/login/oauth/access_token {"access_token":"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","token_type":"bearer","scope":"read:user,repo"}
[debug] [2024-06-13T19:31:48.184Z] >>> [apiv2][query] GET https://api.github.com/user [none]
[debug] [2024-06-13T19:31:48.436Z] <<< [apiv2][status] GET https://api.github.com/user 200
[debug] [2024-06-13T19:31:48.436Z] <<< [apiv2][body] GET https://api.github.com/user {"login":"aneova","id":50141369,"node_id":"MDQ6VXNlcjUwMTQxMzY5","avatar_url":"https://avatars.githubusercontent.com/u/50141369?v=4","gravatar_id":"","url":"https://api.github.com/users/aneova","html_url":"https://github.com/aneova","followers_url":"https://api.github.com/users/aneova/followers","following_url":"https://api.github.com/users/aneova/following{/other_user}","gists_url":"https://api.github.com/users/aneova/gists{/gist_id}","starred_url":"https://api.github.com/users/aneova/starred{/owner}{/repo}","subscriptions_url":"https://api.github.com/users/aneova/subscriptions","organizations_url":"https://api.github.com/users/aneova/orgs","repos_url":"https://api.github.com/users/aneova/repos","events_url":"https://api.github.com/users/aneova/events{/privacy}","received_events_url":"https://api.github.com/users/aneova/received_events","type":"User","site_admin":false,"name":"Anna Korotkova","company":null,"blog":"angular-testproject-1fab8.web.app","location":"Sofia, Bulgaria","email":null,"hireable":true,"bio":null,"twitter_username":null,"public_repos":21,"public_gists":0,"followers":1,"following":11,"created_at":"2019-04-30T12:13:44Z","updated_at":"2024-06-11T10:34:35Z","private_gists":0,"total_private_repos":5,"owned_private_repos":5,"disk_usage":112474,"collaborators":0,"two_factor_authentication":false,"plan":{"name":"free","space":976562499,"collaborators":0,"private_repos":10000}}
[info] 
[info] +  Success! Logged into GitHub as aneova 
[info] 
[debug] [2024-06-13T19:32:54.811Z] >>> [apiv2][query] GET https://api.github.com/repos/INITIUM/actions/secrets/public-key type=owner
[debug] [2024-06-13T19:32:54.974Z] <<< [apiv2][status] GET https://api.github.com/repos/INITIUM/actions/secrets/public-key 404
[debug] [2024-06-13T19:32:54.974Z] <<< [apiv2][body] GET https://api.github.com/repos/INITIUM/actions/secrets/public-key {"message":"Not Found","documentation_url":"https://docs.github.com/rest","status":"404"}
[info] 
[info] 
[error] !  The provided authorization cannot be used with this repository. If this repository is in an organization, did you remember to grant access? 
[info] 
[info] i  Action required: Visit this URL to ensure access has been granted to the appropriate organization(s) for the Firebase CLI GitHub OAuth App: 
[info] https://github.com/settings/connections/applications/89cf50f02ac6aaed3484
[info] 
[debug] [2024-06-13T19:33:35.091Z] >>> [apiv2][query] GET https://api.github.com/repos/INITIUM/actions/secrets/public-key type=owner
[debug] [2024-06-13T19:33:35.291Z] <<< [apiv2][status] GET https://api.github.com/repos/INITIUM/actions/secrets/public-key 404
[debug] [2024-06-13T19:33:35.291Z] <<< [apiv2][body] GET https://api.github.com/repos/INITIUM/actions/secrets/public-key {"message":"Not Found","documentation_url":"https://docs.github.com/rest","status":"404"}
[info] 
[info] 
[error] !  The provided authorization cannot be used with this repository. If this repository is in an organization, did you remember to grant access? 
[info] 
[info] i  Action required: Visit this URL to ensure access has been granted to the appropriate organization(s) for the Firebase CLI GitHub OAuth App: 
[info] https://github.com/settings/connections/applications/89cf50f02ac6aaed3484
[info] 
